#
# There is insufficient memory for the Java Runtime Environment to continue.
# Native memory allocation (malloc) failed to allocate 87248 bytes for Chunk::new
# Possible reasons:
#   The system is out of physical RAM or swap space
#   The process is running with CompressedOops enabled, and the Java Heap may be blocking the growth of the native heap
# Possible solutions:
#   Reduce memory load on the system
#   Increase physical memory or swap space
#   Check if swap backing store is full
#   Decrease Java heap size (-Xmx/-Xms)
#   Decrease number of Java threads
#   Decrease Java thread stack sizes (-Xss)
#   Set larger code cache with -XX:ReservedCodeCacheSize=
#   JVM is running with Unscaled Compressed Oops mode in which the Java heap is
#     placed in the first 4GB address space. The Java Heap base address is the
#     maximum limit for the native heap growth. Please use -XX:HeapBaseMinAddress
#     to set the Java Heap base and to place the Java Heap above 4GB virtual address.
# This output file may be truncated or incomplete.
#
#  Out of Memory Error (allocation.cpp:389), pid=10016, tid=0x0000000000002250
#
# JRE version: OpenJDK Runtime Environment (8.0_202-b03) (build 1.8.0_202-release-1483-b03)
# Java VM: OpenJDK 64-Bit Server VM (25.202-b03 mixed mode windows-amd64 compressed oops)
# Failed to write core dump. Minidumps are not enabled by default on client versions of Windows
#

---------------  T H R E A D  ---------------

Current thread (0x0000000013ab4000):  JavaThread "C2 CompilerThread1" daemon [_thread_in_native, id=8784, stack(0x00000000151c0000,0x00000000152c0000)]

Stack: [0x00000000151c0000,0x00000000152c0000]
[error occurred during error reporting (printing stack bounds), id 0xc0000005]

Native frames: (J=compiled Java code, j=interpreted, Vv=VM code, C=native code)


Current CompileTask:
C2:5004589 8724       4       com.android.ide.common.resources.NodeUtils::updateNamespace (161 bytes)


---------------  P R O C E S S  ---------------

Java Threads: ( => current thread )
  0x000000001a0a6000 JavaThread "Cache worker for execution history cache (C:\Users\Tomisz\Desktop\ud843-QuakeReport-starting-point\ud843-QuakeReport-starting-point\.gradle\5.4.1\executionHistory)" [_thread_blocked, id=7972, stack(0x0000000021810000,0x0000000021910000)]
  0x000000001a0a4800 JavaThread "Execution worker for ':' Thread 3" [_thread_in_Java, id=7304, stack(0x0000000021710000,0x0000000021810000)]
  0x000000001a0a7000 JavaThread "Execution worker for ':' Thread 2" [_thread_blocked, id=3060, stack(0x0000000021610000,0x0000000021710000)]
  0x000000001a0a3000 JavaThread "Execution worker for ':'" [_thread_blocked, id=8624, stack(0x0000000021510000,0x0000000021610000)]
  0x000000001a0a5800 JavaThread "Cache worker for file content cache (C:\Users\Tomisz\Desktop\ud843-QuakeReport-starting-point\ud843-QuakeReport-starting-point\.gradle\5.4.1\fileContent)" [_thread_blocked, id=3760, stack(0x0000000020f30000,0x0000000021030000)]
  0x000000001a0a2800 JavaThread "Cache worker for file content cache (C:\Users\Tomisz\.gradle\caches\5.4.1\fileContent)" [_thread_blocked, id=4940, stack(0x0000000020e30000,0x0000000020f30000)]
  0x0000000016e2e000 JavaThread "Cache worker for Build Output Cleanup Cache (C:\Users\Tomisz\Desktop\ud843-QuakeReport-starting-point\ud843-QuakeReport-starting-point\.gradle\buildOutputCleanup)" [_thread_blocked, id=9752, stack(0x0000000020d30000,0x0000000020e30000)]
  0x00000000154cf000 JavaThread "Build operations Thread 4" [_thread_blocked, id=9044, stack(0x0000000020770000,0x0000000020870000)]
  0x00000000154cf800 JavaThread "Build operations Thread 3" [_thread_blocked, id=8944, stack(0x0000000020670000,0x0000000020770000)]
  0x00000000154d0800 JavaThread "Build operations Thread 2" [_thread_blocked, id=10156, stack(0x0000000020570000,0x0000000020670000)]
  0x00000000154ce000 JavaThread "Build operations" [_thread_blocked, id=9424, stack(0x000000001f4a0000,0x000000001f5a0000)]
  0x00000000154cd800 JavaThread "Cache worker for cache directory md-rule (C:\Users\Tomisz\.gradle\caches\5.4.1\md-rule)" [_thread_blocked, id=6820, stack(0x000000001f1a0000,0x000000001f2a0000)]
  0x00000000154cc000 JavaThread "Cache worker for cache directory md-supplier (C:\Users\Tomisz\.gradle\caches\5.4.1\md-supplier)" [_thread_blocked, id=7240, stack(0x000000001ec70000,0x000000001ed70000)]
  0x00000000154c8000 JavaThread "Cache worker for file hash cache (C:\Users\Tomisz\Desktop\ud843-QuakeReport-starting-point\ud843-QuakeReport-starting-point\.gradle\5.4.1\fileHashes)" [_thread_blocked, id=7464, stack(0x000000001e4d0000,0x000000001e5d0000)]
  0x00000000154c7800 JavaThread "Thread-33" [_thread_blocked, id=5640, stack(0x000000001e3d0000,0x000000001e4d0000)]
  0x00000000154c6800 JavaThread "Stdin handler" [_thread_blocked, id=6704, stack(0x000000001bae0000,0x000000001bbe0000)]
  0x00000000154c9000 JavaThread "Asynchronous log dispatcher for DefaultDaemonConnection: socket connection from /127.0.0.1:25846 to /127.0.0.1:26550" [_thread_blocked, id=8172, stack(0x0000000018070000,0x0000000018170000)]
  0x00000000154c3800 JavaThread "Daemon worker Thread 2" [_thread_blocked, id=4596, stack(0x0000000017f70000,0x0000000018070000)]
  0x00000000154c6000 JavaThread "Cancel handler" [_thread_blocked, id=4388, stack(0x0000000017e70000,0x0000000017f70000)]
  0x00000000154c3000 JavaThread "Handler for socket connection from /127.0.0.1:25846 to /127.0.0.1:26550" [_thread_in_native, id=6564, stack(0x0000000017b70000,0x0000000017c70000)]
  0x00000000154c5000 JavaThread "Daemon Thread 2" [_thread_blocked, id=4256, stack(0x0000000017a70000,0x0000000017b70000)]
  0x00000000154cb000 JavaThread "Memory manager" [_thread_blocked, id=8484, stack(0x0000000020470000,0x0000000020570000)]
  0x00000000154c4800 JavaThread "Cache worker for execution history cache (C:\Users\Tomisz\.gradle\caches\5.4.1\executionHistory)" [_thread_blocked, id=7292, stack(0x000000001eb70000,0x000000001ec70000)]
  0x0000000016e30000 JavaThread "Cache worker for journal cache (C:\Users\Tomisz\.gradle\caches\journal-1)" [_thread_blocked, id=7436, stack(0x0000000018570000,0x0000000018670000)]
  0x0000000016e2f800 JavaThread "File lock request listener" [_thread_in_native, id=5116, stack(0x0000000018470000,0x0000000018570000)]
  0x0000000016e31000 JavaThread "Cache worker for file hash cache (C:\Users\Tomisz\.gradle\caches\5.4.1\fileHashes)" [_thread_blocked, id=6956, stack(0x0000000018370000,0x0000000018470000)]
  0x0000000016cbc000 JavaThread "Daemon periodic checks" [_thread_blocked, id=9516, stack(0x0000000017970000,0x0000000017a70000)]
  0x0000000016ca2800 JavaThread "Incoming local TCP Connector on port 25846" [_thread_in_native, id=764, stack(0x0000000017770000,0x0000000017870000)]
  0x000000001695e000 JavaThread "Daemon health stats" [_thread_blocked, id=9964, stack(0x0000000017190000,0x0000000017290000)]
  0x0000000013abd800 JavaThread "Service Thread" daemon [_thread_blocked, id=8708, stack(0x00000000157c0000,0x00000000158c0000)]
  0x0000000013ab9000 JavaThread "C1 CompilerThread2" daemon [_thread_blocked, id=7848, stack(0x00000000156c0000,0x00000000157c0000)]
=>0x0000000013ab4000 JavaThread "C2 CompilerThread1" daemon [_thread_in_native, id=8784, stack(0x00000000151c0000,0x00000000152c0000)]
  0x0000000013a69800 JavaThread "C2 CompilerThread0" daemon [_thread_in_native, id=9968, stack(0x00000000150c0000,0x00000000151c0000)]
  0x0000000013a68800 JavaThread "Attach Listener" daemon [_thread_blocked, id=8404, stack(0x0000000014fc0000,0x00000000150c0000)]
  0x0000000013a67000 JavaThread "Signal Dispatcher" daemon [_thread_blocked, id=328, stack(0x0000000014ec0000,0x0000000014fc0000)]
  0x000000000263b800 JavaThread "Finalizer" daemon [_thread_blocked, id=6828, stack(0x0000000014cd0000,0x0000000014dd0000)]
  0x0000000013a49000 JavaThread "Reference Handler" daemon [_thread_blocked, id=5808, stack(0x0000000014bd0000,0x0000000014cd0000)]
  0x0000000000b9e800 JavaThread "main" [_thread_blocked, id=7148, stack(0x00000000023f0000,0x00000000024f0000)]

Other Threads:
  0x0000000013a26800 VMThread [stack: 0x0000000014ad0000,0x0000000014bd0000] [id=8456]
  0x0000000013abe800 WatcherThread [stack: 0x00000000158c0000,0x00000000159c0000] [id=7956]

VM state:not at safepoint (normal execution)

VM Mutex/Monitor currently owned by a thread: None

heap address: 0x00000000e0000000, size: 512 MB, Compressed Oops mode: 32-bit
Narrow klass base: 0x0000000000000000, Narrow klass shift: 3
Compressed class space size: 1073741824 Address: 0x0000000100000000

Heap:
 PSYoungGen      total 150016K, used 129789K [0x00000000f5580000, 0x0000000100000000, 0x0000000100000000)
  eden space 131584K, 90% used [0x00000000f5580000,0x00000000fc9a9170,0x00000000fd600000)
  from space 18432K, 58% used [0x00000000fee00000,0x00000000ff896440,0x0000000100000000)
  to   space 21504K, 0% used [0x00000000fd600000,0x00000000fd600000,0x00000000feb00000)
 ParOldGen       total 324096K, used 34201K [0x00000000e0000000, 0x00000000f3c80000, 0x00000000f5580000)
  object space 324096K, 10% used [0x00000000e0000000,0x00000000e2166568,0x00000000f3c80000)
 Metaspace       used 65087K, capacity 66906K, committed 67032K, reserved 1107968K
  class space    used 8521K, capacity 8960K, committed 8960K, reserved 1048576K

Card table byte_map: [0x0000000011a00000,0x0000000011b10000] byte_map_base: 0x0000000011300000

Marking Bits: (ParMarkBitMap*) 0x00000000614e9f30
 Begin Bits: [0x0000000011fc0000, 0x00000000127c0000)
 End Bits:   [0x00000000127c0000, 0x0000000012fc0000)

Polling page: 0x0000000000c20000

CodeCache: size=245760Kb used=25201Kb max_used=25201Kb free=220558Kb
 bounds [0x0000000002640000, 0x0000000003f00000, 0x0000000011640000]
 total_blobs=8503 nmethods=7703 adapters=712
 compilation: enabled

Compilation events (10 events):
Event: 5004.164 Thread 0x0000000013ab9000 8739       3       com.android.utils.PositionXmlParser$Position::toSourcePosition (69 bytes)
Event: 5004.164 Thread 0x0000000013ab9000 nmethod 8739 0x0000000003ef24d0 code [0x0000000003ef2640, 0x0000000003ef28e8]
Event: 5004.165 Thread 0x0000000013ab9000 8740       3       com.android.ide.common.blame.SourceFilePosition::equals (55 bytes)
Event: 5004.165 Thread 0x0000000013ab9000 nmethod 8740 0x0000000003ef29d0 code [0x0000000003ef2b80, 0x0000000003ef32d8]
Event: 5004.165 Thread 0x0000000013ab9000 8741       3       com.google.common.base.CharMatcher::countIn (39 bytes)
Event: 5004.166 Thread 0x0000000013ab9000 nmethod 8741 0x0000000003ef34d0 code [0x0000000003ef3660, 0x0000000003ef3b08]
Event: 5004.166 Thread 0x0000000013ab9000 8742       3       com.android.ide.common.blame.SourcePosition::hashCode (69 bytes)
Event: 5004.167 Thread 0x0000000013ab9000 nmethod 8742 0x0000000003ef3c90 code [0x0000000003ef3f60, 0x0000000003ef57a8]
Event: 5004.168 Thread 0x0000000013ab9000 8743       3       com.android.ide.common.blame.SourceFile::equals (55 bytes)
Event: 5004.169 Thread 0x0000000013ab9000 nmethod 8743 0x0000000003ef6590 code [0x0000000003ef6780, 0x0000000003ef7378]

GC Heap History (10 events):
Event: 15.970 GC heap before
{Heap before GC invocations=7 (full 2):
 PSYoungGen      total 163840K, used 10540K [0x00000000f5580000, 0x0000000100000000, 0x0000000100000000)
  eden space 153088K, 0% used [0x00000000f5580000,0x00000000f5580000,0x00000000feb00000)
  from space 10752K, 98% used [0x00000000feb00000,0x00000000ff54b230,0x00000000ff580000)
  to   space 10752K, 0% used [0x00000000ff580000,0x00000000ff580000,0x0000000100000000)
 ParOldGen       total 175104K, used 12945K [0x00000000e0000000, 0x00000000eab00000, 0x00000000f5580000)
  object space 175104K, 7% used [0x00000000e0000000,0x00000000e0ca46c8,0x00000000eab00000)
 Metaspace       used 34609K, capacity 35198K, committed 35416K, reserved 1079296K
  class space    used 4747K, capacity 4938K, committed 4992K, reserved 1048576K
Event: 16.074 GC heap after
Heap after GC invocations=7 (full 2):
 PSYoungGen      total 163840K, used 0K [0x00000000f5580000, 0x0000000100000000, 0x0000000100000000)
  eden space 153088K, 0% used [0x00000000f5580000,0x00000000f5580000,0x00000000feb00000)
  from space 10752K, 0% used [0x00000000feb00000,0x00000000feb00000,0x00000000ff580000)
  to   space 10752K, 0% used [0x00000000ff580000,0x00000000ff580000,0x0000000100000000)
 ParOldGen       total 215552K, used 17913K [0x00000000e0000000, 0x00000000ed280000, 0x00000000f5580000)
  object space 215552K, 8% used [0x00000000e0000000,0x00000000e117e418,0x00000000ed280000)
 Metaspace       used 34607K, capacity 35192K, committed 35416K, reserved 1079296K
  class space    used 4747K, capacity 4937K, committed 4992K, reserved 1048576K
}
Event: 20.000 GC heap before
{Heap before GC invocations=8 (full 2):
 PSYoungGen      total 163840K, used 153088K [0x00000000f5580000, 0x0000000100000000, 0x0000000100000000)
  eden space 153088K, 100% used [0x00000000f5580000,0x00000000feb00000,0x00000000feb00000)
  from space 10752K, 0% used [0x00000000feb00000,0x00000000feb00000,0x00000000ff580000)
  to   space 10752K, 0% used [0x00000000ff580000,0x00000000ff580000,0x0000000100000000)
 ParOldGen       total 215552K, used 17913K [0x00000000e0000000, 0x00000000ed280000, 0x00000000f5580000)
  object space 215552K, 8% used [0x00000000e0000000,0x00000000e117e418,0x00000000ed280000)
 Metaspace       used 48713K, capacity 49882K, committed 50136K, reserved 1093632K
  class space    used 6583K, capacity 6864K, committed 6912K, reserved 1048576K
Event: 20.023 GC heap after
Heap after GC invocations=8 (full 2):
 PSYoungGen      total 148480K, used 10747K [0x00000000f5580000, 0x0000000100000000, 0x0000000100000000)
  eden space 137728K, 0% used [0x00000000f5580000,0x00000000f5580000,0x00000000fdc00000)
  from space 10752K, 99% used [0x00000000ff580000,0x00000000ffffee80,0x0000000100000000)
  to   space 18432K, 0% used [0x00000000fdc00000,0x00000000fdc00000,0x00000000fee00000)
 ParOldGen       total 215552K, used 25948K [0x00000000e0000000, 0x00000000ed280000, 0x00000000f5580000)
  object space 215552K, 12% used [0x00000000e0000000,0x00000000e19571d0,0x00000000ed280000)
 Metaspace       used 48713K, capacity 49882K, committed 50136K, reserved 1093632K
  class space    used 6583K, capacity 6864K, committed 6912K, reserved 1048576K
}
Event: 23.017 GC heap before
{Heap before GC invocations=9 (full 2):
 PSYoungGen      total 148480K, used 115155K [0x00000000f5580000, 0x0000000100000000, 0x0000000100000000)
  eden space 137728K, 75% used [0x00000000f5580000,0x00000000fbb760a8,0x00000000fdc00000)
  from space 10752K, 99% used [0x00000000ff580000,0x00000000ffffee80,0x0000000100000000)
  to   space 18432K, 0% used [0x00000000fdc00000,0x00000000fdc00000,0x00000000fee00000)
 ParOldGen       total 215552K, used 25948K [0x00000000e0000000, 0x00000000ed280000, 0x00000000f5580000)
  object space 215552K, 12% used [0x00000000e0000000,0x00000000e19571d0,0x00000000ed280000)
 Metaspace       used 57301K, capacity 58816K, committed 58968K, reserved 1099776K
  class space    used 7822K, capacity 8199K, committed 8320K, reserved 1048576K
Event: 23.040 GC heap after
Heap after GC invocations=9 (full 2):
 PSYoungGen      total 156160K, used 18406K [0x00000000f5580000, 0x0000000100000000, 0x0000000100000000)
  eden space 137728K, 0% used [0x00000000f5580000,0x00000000f5580000,0x00000000fdc00000)
  from space 18432K, 99% used [0x00000000fdc00000,0x00000000fedf9a60,0x00000000fee00000)
  to   space 18432K, 0% used [0x00000000fee00000,0x00000000fee00000,0x0000000100000000)
 ParOldGen       total 215552K, used 27828K [0x00000000e0000000, 0x00000000ed280000, 0x00000000f5580000)
  object space 215552K, 12% used [0x00000000e0000000,0x00000000e1b2d110,0x00000000ed280000)
 Metaspace       used 57301K, capacity 58816K, committed 58968K, reserved 1099776K
  class space    used 7822K, capacity 8199K, committed 8320K, reserved 1048576K
}
Event: 23.040 GC heap before
{Heap before GC invocations=10 (full 3):
 PSYoungGen      total 156160K, used 18406K [0x00000000f5580000, 0x0000000100000000, 0x0000000100000000)
  eden space 137728K, 0% used [0x00000000f5580000,0x00000000f5580000,0x00000000fdc00000)
  from space 18432K, 99% used [0x00000000fdc00000,0x00000000fedf9a60,0x00000000fee00000)
  to   space 18432K, 0% used [0x00000000fee00000,0x00000000fee00000,0x0000000100000000)
 ParOldGen       total 215552K, used 27828K [0x00000000e0000000, 0x00000000ed280000, 0x00000000f5580000)
  object space 215552K, 12% used [0x00000000e0000000,0x00000000e1b2d110,0x00000000ed280000)
 Metaspace       used 57301K, capacity 58816K, committed 58968K, reserved 1099776K
  class space    used 7822K, capacity 8199K, committed 8320K, reserved 1048576K
Event: 23.260 GC heap after
Heap after GC invocations=10 (full 3):
 PSYoungGen      total 156160K, used 0K [0x00000000f5580000, 0x0000000100000000, 0x0000000100000000)
  eden space 137728K, 0% used [0x00000000f5580000,0x00000000f5580000,0x00000000fdc00000)
  from space 18432K, 0% used [0x00000000fdc00000,0x00000000fdc00000,0x00000000fee00000)
  to   space 18432K, 0% used [0x00000000fee00000,0x00000000fee00000,0x0000000100000000)
 ParOldGen       total 324096K, used 34193K [0x00000000e0000000, 0x00000000f3c80000, 0x00000000f5580000)
  object space 324096K, 10% used [0x00000000e0000000,0x00000000e2164568,0x00000000f3c80000)
 Metaspace       used 57301K, capacity 58816K, committed 58968K, reserved 1099776K
  class space    used 7822K, capacity 8199K, committed 8320K, reserved 1048576K
}
Event: 4995.970 GC heap before
{Heap before GC invocations=11 (full 3):
 PSYoungGen      total 156160K, used 137728K [0x00000000f5580000, 0x0000000100000000, 0x0000000100000000)
  eden space 137728K, 100% used [0x00000000f5580000,0x00000000fdc00000,0x00000000fdc00000)
  from space 18432K, 0% used [0x00000000fdc00000,0x00000000fdc00000,0x00000000fee00000)
  to   space 18432K, 0% used [0x00000000fee00000,0x00000000fee00000,0x0000000100000000)
 ParOldGen       total 324096K, used 34193K [0x00000000e0000000, 0x00000000f3c80000, 0x00000000f5580000)
  object space 324096K, 10% used [0x00000000e0000000,0x00000000e2164568,0x00000000f3c80000)
 Metaspace       used 63249K, capacity 64970K, committed 65112K, reserved 1105920K
  class space    used 8345K, capacity 8750K, committed 8832K, reserved 1048576K
Event: 4995.988 GC heap after
Heap after GC invocations=11 (full 3):
 PSYoungGen      total 150016K, used 10841K [0x00000000f5580000, 0x0000000100000000, 0x0000000100000000)
  eden space 131584K, 0% used [0x00000000f5580000,0x00000000f5580000,0x00000000fd600000)
  from space 18432K, 58% used [0x00000000fee00000,0x00000000ff896440,0x0000000100000000)
  to   space 21504K, 0% used [0x00000000fd600000,0x00000000fd600000,0x00000000feb00000)
 ParOldGen       total 324096K, used 34201K [0x00000000e0000000, 0x00000000f3c80000, 0x00000000f5580000)
  object space 324096K, 10% used [0x00000000e0000000,0x00000000e2166568,0x00000000f3c80000)
 Metaspace       used 63249K, capacity 64970K, committed 65112K, reserved 1105920K
  class space    used 8345K, capacity 8750K, committed 8832K, reserved 1048576K
}

Deoptimization events (10 events):
Event: 5004.119 Thread 0x000000001a0a4800 Uncommon trap: reason=bimorphic action=maybe_recompile pc=0x0000000003db8cc0 method=com.sun.org.apache.xerces.internal.dom.CoreDocumentImpl.isKidOK(Lorg/w3c/dom/Node;Lorg/w3c/dom/Node;)Z @ 39
Event: 5004.119 Thread 0x000000001a0a4800 Uncommon trap: reason=bimorphic action=maybe_recompile pc=0x0000000003db8cc0 method=com.sun.org.apache.xerces.internal.dom.CoreDocumentImpl.isKidOK(Lorg/w3c/dom/Node;Lorg/w3c/dom/Node;)Z @ 39
Event: 5004.119 Thread 0x000000001a0a4800 Uncommon trap: reason=bimorphic action=maybe_recompile pc=0x0000000003db8cc0 method=com.sun.org.apache.xerces.internal.dom.CoreDocumentImpl.isKidOK(Lorg/w3c/dom/Node;Lorg/w3c/dom/Node;)Z @ 39
Event: 5004.129 Thread 0x000000001a0a4800 Uncommon trap: reason=unstable_if action=reinterpret pc=0x0000000003c28e18 method=com.sun.org.apache.xerces.internal.dom.ElementImpl.getAttributes()Lorg/w3c/dom/NamedNodeMap; @ 4
Event: 5004.134 Thread 0x000000001a0a4800 Uncommon trap: reason=bimorphic action=maybe_recompile pc=0x0000000003d0d698 method=com.sun.org.apache.xerces.internal.dom.NodeImpl.ownerDocument()Lcom/sun/org/apache/xerces/internal/dom/CoreDocumentImpl; @ 11
Event: 5004.134 Thread 0x000000001a0a4800 Uncommon trap: reason=bimorphic action=maybe_recompile pc=0x0000000003d0d698 method=com.sun.org.apache.xerces.internal.dom.NodeImpl.ownerDocument()Lcom/sun/org/apache/xerces/internal/dom/CoreDocumentImpl; @ 11
Event: 5004.134 Thread 0x000000001a0a4800 Uncommon trap: reason=bimorphic action=maybe_recompile pc=0x0000000003d0d698 method=com.sun.org.apache.xerces.internal.dom.NodeImpl.ownerDocument()Lcom/sun/org/apache/xerces/internal/dom/CoreDocumentImpl; @ 11
Event: 5004.134 Thread 0x000000001a0a4800 Uncommon trap: reason=bimorphic action=maybe_recompile pc=0x0000000003d0d698 method=com.sun.org.apache.xerces.internal.dom.NodeImpl.ownerDocument()Lcom/sun/org/apache/xerces/internal/dom/CoreDocumentImpl; @ 11
Event: 5004.138 Thread 0x000000001a0a4800 Uncommon trap: reason=unstable_if action=reinterpret pc=0x0000000003db6f64 method=com.sun.org.apache.xerces.internal.dom.ParentNode.nodeListItem(I)Lorg/w3c/dom/Node; @ 76
Event: 5004.144 Thread 0x000000001a0a4800 Uncommon trap: reason=unstable_if action=reinterpret pc=0x0000000003390dd8 method=java.io.File.equals(Ljava/lang/Object;)Z @ 1

Classes redefined (0 events):
No events

Internal exceptions (10 events):
Event: 4994.557 Thread 0x00000000154c3800 Exception <a 'java/lang/NoSuchMethodError': java.lang.Object.lambda$static$0(Ljava/util/Set;Ljava/util/Set;)Z> (0x00000000fb0dca50) thrown at [D:\src\AOSP-openjdk-cygwin\jdk8u\hotspot\src\share\vm\interpreter\linkResolver.cpp, line 620]
Event: 4994.557 Thread 0x00000000154c3800 Exception <a 'java/lang/NoSuchMethodError': java.lang.Object.lambda$static$1(Ljava/util/Set;Ljava/util/Set;)Z> (0x00000000fb0df9c0) thrown at [D:\src\AOSP-openjdk-cygwin\jdk8u\hotspot\src\share\vm\interpreter\linkResolver.cpp, line 620]
Event: 4994.557 Thread 0x00000000154c3800 Exception <a 'java/lang/NoSuchMethodError': java.lang.Object.lambda$static$2(Ljava/util/Set;Ljava/util/Set;)Z> (0x00000000fb0e2500) thrown at [D:\src\AOSP-openjdk-cygwin\jdk8u\hotspot\src\share\vm\interpreter\linkResolver.cpp, line 620]
Event: 4994.557 Thread 0x00000000154c3800 Exception <a 'java/lang/NoSuchMethodError': java.lang.Object.lambda$static$3(Ljava/util/Set;Ljava/util/Set;)Z> (0x00000000fb0e5040) thrown at [D:\src\AOSP-openjdk-cygwin\jdk8u\hotspot\src\share\vm\interpreter\linkResolver.cpp, line 620]
Event: 4994.558 Thread 0x00000000154c3800 Exception <a 'java/lang/NoSuchMethodError': java.lang.Object.lambda$static$4(Ljava/util/Set;Ljava/util/Set;)Z> (0x00000000fb0e7b80) thrown at [D:\src\AOSP-openjdk-cygwin\jdk8u\hotspot\src\share\vm\interpreter\linkResolver.cpp, line 620]
Event: 4997.658 Thread 0x000000001a0a4800 Implicit null exception at 0x00000000035a375e to 0x00000000035a38e1
Event: 4997.797 Thread 0x000000001a0a4800 Implicit null exception at 0x0000000003bcf240 to 0x0000000003bcf401
Event: 5001.511 Thread 0x000000001a0a4800 Implicit null exception at 0x0000000003e09dc7 to 0x0000000003e0a389
Event: 5001.583 Thread 0x000000001a0a4800 Implicit null exception at 0x0000000003e22b46 to 0x0000000003e246e1
Event: 5004.144 Thread 0x000000001a0a4800 Implicit null exception at 0x00000000033907af to 0x0000000003390dc5

Events (10 events):
Event: 5004.138 Thread 0x000000001a0a4800 DEOPT UNPACKING pc=0x000000000268557b sp=0x000000002180b448 mode 2
Event: 5004.139 loading class com/android/utils/XmlUtils$PositionAwareStringBuilder
Event: 5004.139 loading class com/android/utils/XmlUtils$PositionAwareStringBuilder done
Event: 5004.141 loading class com/google/common/base/Objects
Event: 5004.141 loading class com/google/common/base/Objects done
Event: 5004.143 loading class com/google/common/base/ExtraObjectsMethodsForWeb
Event: 5004.143 loading class com/google/common/base/ExtraObjectsMethodsForWeb done
Event: 5004.144 Thread 0x000000001a0a4800 Uncommon trap: trap_request=0xffffff65 fr.pc=0x0000000003390dd8
Event: 5004.144 Thread 0x000000001a0a4800 DEOPT PACKING pc=0x0000000003390dd8 sp=0x000000002180b230
Event: 5004.144 Thread 0x000000001a0a4800 DEOPT UNPACKING pc=0x000000000268557b sp=0x000000002180b1f8 mode 2


Dynamic libraries:
0x00007ff6c3e10000 - 0x00007ff6c3e41000 	C:\Program Files\Android\Android Studio\jre\bin\java.exe
0x00007fffa0fb0000 - 0x00007fffa115d000 	C:\Windows\SYSTEM32\ntdll.dll
0x00007fff9ec90000 - 0x00007fff9edcf000 	C:\Windows\system32\KERNEL32.DLL
0x00007fff9e520000 - 0x00007fff9e636000 	C:\Windows\system32\KERNELBASE.dll
0x00007fff9f3d0000 - 0x00007fff9f47a000 	C:\Windows\system32\ADVAPI32.dll
0x00007fffa0c20000 - 0x00007fffa0d97000 	C:\Windows\system32\USER32.dll
0x00007fff9bd20000 - 0x00007fff9bf9b000 	C:\Windows\WinSxS\amd64_microsoft.windows.common-controls_6595b64144ccf1df_6.0.9600.19394_none_62486577ecb635cf\COMCTL32.dll
0x00007fffa0b70000 - 0x00007fffa0c1a000 	C:\Windows\system32\msvcrt.dll
0x00007fff9f370000 - 0x00007fff9f3c9000 	C:\Windows\SYSTEM32\sechost.dll
0x00007fff9e680000 - 0x00007fff9e7c0000 	C:\Windows\system32\RPCRT4.dll
0x00007fffa0e60000 - 0x00007fffa0fac000 	C:\Windows\system32\GDI32.dll
0x00007fff9e4f0000 - 0x00007fff9e51e000 	C:\Windows\system32\SspiCli.dll
0x00007fff9e640000 - 0x00007fff9e676000 	C:\Windows\system32\IMM32.DLL
0x00007fffa0a10000 - 0x00007fffa0b62000 	C:\Windows\system32\MSCTF.dll
0x0000000062080000 - 0x0000000062152000 	C:\Program Files\Android\Android Studio\jre\jre\bin\msvcr100.dll
0x0000000060d20000 - 0x0000000061566000 	C:\Program Files\Android\Android Studio\jre\jre\bin\server\jvm.dll
0x00007fff83c10000 - 0x00007fff83c19000 	C:\Windows\SYSTEM32\WSOCK32.dll
0x00007fff9cd00000 - 0x00007fff9cd22000 	C:\Windows\SYSTEM32\WINMM.dll
0x00007fff9cc50000 - 0x00007fff9cc5a000 	C:\Windows\SYSTEM32\VERSION.dll
0x00007fff9f2a0000 - 0x00007fff9f2a7000 	C:\Windows\system32\PSAPI.DLL
0x00007fff9ec20000 - 0x00007fff9ec7a000 	C:\Windows\system32\WS2_32.dll
0x00007fff9ccd0000 - 0x00007fff9ccfa000 	C:\Windows\SYSTEM32\WINMMBASE.dll
0x00007fff9ee30000 - 0x00007fff9ee39000 	C:\Windows\system32\NSI.dll
0x00007fff9e3f0000 - 0x00007fff9e43f000 	C:\Windows\SYSTEM32\cfgmgr32.dll
0x00007fff9cef0000 - 0x00007fff9cf18000 	C:\Windows\SYSTEM32\DEVOBJ.dll
0x00007fff9bcf0000 - 0x00007fff9bcff000 	C:\Program Files\Android\Android Studio\jre\jre\bin\verify.dll
0x00007fff8ebc0000 - 0x00007fff8ebe9000 	C:\Program Files\Android\Android Studio\jre\jre\bin\java.dll
0x00007fff955f0000 - 0x00007fff95606000 	C:\Program Files\Android\Android Studio\jre\jre\bin\zip.dll
0x00007fff9f4e0000 - 0x00007fffa0a0b000 	C:\Windows\system32\SHELL32.dll
0x00007fff9eeb0000 - 0x00007fff9f0c0000 	C:\Windows\SYSTEM32\combase.dll
0x00007fff9f480000 - 0x00007fff9f4d4000 	C:\Windows\system32\SHLWAPI.dll
0x00007fff9cb00000 - 0x00007fff9cbb2000 	C:\Windows\SYSTEM32\SHCORE.dll
0x00007fff9e0e0000 - 0x00007fff9e0f5000 	C:\Windows\SYSTEM32\profapi.dll
0x00007fff95440000 - 0x00007fff9545a000 	C:\Program Files\Android\Android Studio\jre\jre\bin\net.dll
0x00007fff9da30000 - 0x00007fff9da89000 	C:\Windows\system32\mswsock.dll
0x00007fff93150000 - 0x00007fff93161000 	C:\Program Files\Android\Android Studio\jre\jre\bin\nio.dll
0x00007fff7d150000 - 0x00007fff7d176000 	C:\Users\Tomisz\.gradle\native\29\windows-amd64\native-platform.dll
0x00007fff97ca0000 - 0x00007fff97cad000 	C:\Program Files\Android\Android Studio\jre\jre\bin\management.dll
0x00007fff9da90000 - 0x00007fff9dab0000 	C:\Windows\SYSTEM32\CRYPTSP.dll
0x00007fff9d550000 - 0x00007fff9d586000 	C:\Windows\system32\rsaenh.dll
0x00007fff9db80000 - 0x00007fff9dba6000 	C:\Windows\SYSTEM32\bcrypt.dll
0x00007fff9d670000 - 0x00007fff9d691000 	C:\Windows\SYSTEM32\USERENV.dll
0x00007fff9df40000 - 0x00007fff9dfa3000 	C:\Windows\system32\bcryptprimitives.dll
0x00007fff9dfb0000 - 0x00007fff9dfbb000 	C:\Windows\SYSTEM32\CRYPTBASE.dll
0x00007fff9a4b0000 - 0x00007fff9a4da000 	C:\Windows\SYSTEM32\IPHLPAPI.DLL
0x00007fff9a4a0000 - 0x00007fff9a4aa000 	C:\Windows\SYSTEM32\WINNSI.DLL
0x00007fff9a480000 - 0x00007fff9a496000 	C:\Windows\SYSTEM32\dhcpcsvc6.DLL
0x00007fff9a460000 - 0x00007fff9a47a000 	C:\Windows\SYSTEM32\dhcpcsvc.DLL

VM Arguments:
jvm_args: -XX:MaxMetaspaceSize=256m -XX:+HeapDumpOnOutOfMemoryError -Xms256m -Xmx512m -Dfile.encoding=windows-1250 -Duser.country=PL -Duser.language=pl -Duser.variant 
java_command: org.gradle.launcher.daemon.bootstrap.GradleDaemon 5.4.1
java_class_path (initial): C:\Users\Tomisz\.gradle\wrapper\dists\gradle-5.4.1-all\3221gyojl5jsh0helicew7rwx\gradle-5.4.1\lib\gradle-launcher-5.4.1.jar
Launcher Type: SUN_STANDARD

Environment Variables:
PATH=C:\Program Files\Common Files\Siemens\Automation\Simatic OAM\bin;C:\ProgramData\Oracle\Java\javapath;C:\Program Files (x86)\AMD APP\bin\x86_64;C:\Program Files (x86)\AMD APP\bin\x86;C:\Users\Tomisz\Documents\AMD APP\bin\x86_64;C:\Users\Tomisz\Documents\AMD APP\bin\x86;C:\Program Files (x86)\Intel\iCLS Client\;C:\Program Files\Intel\iCLS Client\;C:\Windows\system32;C:\Windows;C:\Windows\System32\Wbem;C:\Windows\System32\WindowsPowerShell\v1.0\;C:\Program Files\Intel\Intel(R) Management Engine Components\DAL;C:\Program Files\Intel\Intel(R) Management Engine Components\IPT;C:\Program Files (x86)\Intel\Intel(R) Management Engine Components\DAL;C:\Program Files (x86)\Intel\Intel(R) Management Engine Components\IPT;C:\Program Files (x86)\ATI Technologies\ATI.ACE\Core-Static;C:\Program Files\MATLAB\R2014a\runtime\win64;C:\Program Files\MATLAB\R2014a\bin;C:\Program Files\MATLAB\R2014a\polyspace\bin;C:\Program Files (x86)\Windows Kits\8.1\Windows Performance Toolkit\;C:\Program Files\Microsoft SQL Server\110\Tools\Binn\;C:\Program Files (x86)\Microsoft SQL Server\110\Tools\Binn\;C:\Program Files\Microsoft SQL Server\110\DTS\Binn\;C:\Program Files (x86)\Microsoft SQL Server\110\Tools\Binn\ManagementStudio\;C:\Program Files (x86)\Microsoft SQL Server\110\DTS\Binn\;C:\Program Files (x86)\Windows Live\Shared;C:\Python34;C:\Python34\Scripts\;C:\sqlite;C\Program Files\nodejs\;C\Users\Tomisz\AppData\Roaming\npm\;C:\Program Files\MongoDB\Server\3.4\bin;C:\Program Files\PuTTY\;C:\Program Files (x86)\Microsoft SQL Server\Client SDK\ODBC\110\Tools\Binn\;C:\Program Files (x86)\Microsoft SQL Server\120\Tools\Binn\;C:\Program Files (x86)\Microsoft SQL Server\120\DTS\Binn\;C:\Users\Tomisz\AppData\Roaming\npm
USERNAME=Tomisz
OS=Windows_NT
PROCESSOR_IDENTIFIER=Intel64 Family 6 Model 60 Stepping 3, GenuineIntel



---------------  S Y S T E M  ---------------

OS: Windows 8.1 , 64 bit Build 9600 (6.3.9600.19538)

CPU:total 4 (initial active 4) (2 cores per cpu, 2 threads per core) family 6 model 60 stepping 3, cmov, cx8, fxsr, mmx, sse, sse2, sse3, ssse3, sse4.1, sse4.2, popcnt, avx, avx2, aes, clmul, erms, lzcnt, ht, tsc, tscinvbit, bmi1, bmi2

Memory: 4k page, physical 8298776k(302876k free), swap 11444504k(4636k free)

vm_info: OpenJDK 64-Bit Server VM (25.202-b03) for windows-amd64 JRE (1.8.0_202-release-1483-b03), built by "builder" with MS VC++ 10.0 (VS2010)

time: Thu Dec 26 16:20:39 2019
timezone: Œrodkowoeuropejski czas stand.
elapsed time: 5004 seconds (0d 1h 23m 24s)

